<?xml version="1.0" encoding="utf-8"?><testsuite errors="0" failures="1" name="pytest" skipped="0" tests="14" time="0.255"><testcase classname="tests.test_accum" file="tests\test_accum.py" line="25" name="test_accumulator_init" time="0.005"><failure message="assert 0 == 1
 +  where 0 = &lt;stuff.accum.Accumulator object at 0x0000029EFB92AE80&gt;.count">accum = &lt;stuff.accum.Accumulator object at 0x0000029EFB92AE80&gt;

    def test_accumulator_init(accum):
&gt;       assert accum.count ==1
E       assert 0 == 1
E        +  where 0 = &lt;stuff.accum.Accumulator object at 0x0000029EFB92AE80&gt;.count

tests\test_accum.py:27: AssertionError</failure></testcase><testcase classname="tests.test_accum" file="tests\test_accum.py" line="29" name="test_accumulator_add_one" time="0.002"></testcase><testcase classname="tests.test_accum" file="tests\test_accum.py" line="33" name="test_accumulator_add_tree" time="0.001"></testcase><testcase classname="tests.test_accum" file="tests\test_accum.py" line="37" name="test_accumulator_add_twice" time="0.001"></testcase><testcase classname="tests.test_accum" file="tests\test_accum.py" line="43" name="test_accumulator_cant_add_count_direcly" time="0.004"></testcase><testcase classname="tests.test_module" file="tests\test_module.py" line="11" name="test_one_plus_one" time="0.004"><system-out>invoce test
</system-out></testcase><testcase classname="tests.test_module" file="tests\test_module.py" line="16" name="test_one_plus_two" time="0.002"></testcase><testcase classname="tests.test_module" file="tests\test_module.py" line="25" name="test_one_dived_by_zero" time="0.004"></testcase><testcase classname="tests.test_module" file="tests\test_module.py" line="41" name="test_multiplication[2-3-6]" time="0.003"></testcase><testcase classname="tests.test_module" file="tests\test_module.py" line="41" name="test_multiplication[2-1-2]" time="0.007"></testcase><testcase classname="tests.test_module" file="tests\test_module.py" line="41" name="test_multiplication[2-0-0]" time="0.002"></testcase><testcase classname="tests.test_module" file="tests\test_module.py" line="41" name="test_multiplication[2--2--4]" time="0.003"></testcase><testcase classname="tests.test_module" file="tests\test_module.py" line="41" name="test_multiplication[-2--2-4]" time="0.004"></testcase><testcase classname="tests.test_module" file="tests\test_module.py" line="41" name="test_multiplication[0.5-5.0-2.5]" time="0.002"></testcase></testsuite>